<?xml version="1.0" encoding="UTF-8"?>
<!-- Generated by org.testng.reporters.JUnitXMLReporter -->
<testsuite ignored="0" hostname="DESKTOP-6GI14NB" failures="0" tests="7" name="Default test" time="133.754" errors="0" timestamp="2023-01-15T10:39:49 CST">
  <testcase classname="com.tests.Tests" name="AcercaDeNosotros" time="5.156"/>
  <testcase classname="com.tests.Tests" name="Carrito" time="12.93"/>
  <testcase classname="com.tests.Tests" name="Registrarse" time="8.468"/>
  <testcase classname="com.tests.Tests" name="enviarContacto" time="16.174"/>
  <testcase classname="com.tests.Tests" name="ingresarUsuarioDemoBlaze" time="5.702"/>
  <testcase classname="com.tests.Tests" name="noEnviarContacto" time="16.216"/>
  <testcase classname="com.tests.Tests" name="searchXPath" time="0.03"/>
</testsuite> <!-- Default test -->
