<?xml version="1.0" encoding="UTF-8"?>
<!-- Generated by org.testng.reporters.JUnitXMLReporter -->
<testsuite ignored="6" hostname="DESKTOP-6GI14NB" failures="0" tests="1" name="Default test" time="10.829" errors="0" timestamp="2023-01-21T21:36:40 CST">
  <testcase classname="com.tests.Tests" name="enviarContacto" time="1.202"/>
  <testcase classname="com.tests.Tests" name="Registrarse" time="0.0">
    <ignored/>
  </testcase> <!-- Registrarse -->
  <testcase classname="com.tests.Tests" name="AcercaDeNosotros" time="0.0">
    <ignored/>
  </testcase> <!-- AcercaDeNosotros -->
  <testcase classname="com.tests.Tests" name="noEnviarContacto" time="0.0">
    <ignored/>
  </testcase> <!-- noEnviarContacto -->
  <testcase classname="com.tests.Tests" name="Carrito" time="0.0">
    <ignored/>
  </testcase> <!-- Carrito -->
  <testcase classname="com.tests.Tests" name="ingresarUsuarioDemoBlaze" time="0.0">
    <ignored/>
  </testcase> <!-- ingresarUsuarioDemoBlaze -->
  <testcase classname="com.tests.Tests" name="searchXPath" time="0.0">
    <ignored/>
  </testcase> <!-- searchXPath -->
</testsuite> <!-- Default test -->
