<?xml version="1.0" encoding="UTF-8"?>
<testng-results ignored="6" total="7" passed="1" failed="0" skipped="0">
  <reporter-output>
  </reporter-output>
  <suite started-at="2023-01-21T21:36:29 CST" name="Default suite" finished-at="2023-01-21T21:36:40 CST" duration-ms="10829">
    <groups>
    </groups>
    <test started-at="2023-01-21T21:36:29 CST" name="Default test" finished-at="2023-01-21T21:36:40 CST" duration-ms="10829">
      <class name="com.tests.Tests">
        <test-method is-config="true" signature="setUp()[pri:0, instance:com.tests.Tests@56620197]" started-at="2023-01-21T21:36:29 CST" name="setUp" finished-at="2023-01-21T21:36:39 CST" duration-ms="9542" status="PASS">
          <reporter-output>
          </reporter-output>
        </test-method> <!-- setUp -->
        <test-method signature="enviarContacto()[pri:0, instance:com.tests.Tests@56620197]" started-at="2023-01-21T21:36:39 CST" name="enviarContacto" finished-at="2023-01-21T21:36:40 CST" duration-ms="1202" status="PASS">
          <reporter-output>
          </reporter-output>
        </test-method> <!-- enviarContacto -->
        <test-method is-config="true" signature="closetProcess()[pri:0, instance:com.tests.Tests@56620197]" started-at="2023-01-21T21:36:40 CST" name="closetProcess" finished-at="2023-01-21T21:36:40 CST" duration-ms="1" status="PASS">
          <reporter-output>
          </reporter-output>
        </test-method> <!-- closetProcess -->
      </class> <!-- com.tests.Tests -->
    </test> <!-- Default test -->
  </suite> <!-- Default suite -->
</testng-results>
