<?xml version="1.0" encoding="UTF-8"?>
<testng-results ignored="0" total="7" passed="7" failed="0" skipped="0">
  <reporter-output>
  </reporter-output>
  <suite started-at="2023-01-15T10:37:35 CST" name="Default suite" finished-at="2023-01-15T10:39:49 CST" duration-ms="133754">
    <groups>
    </groups>
    <test started-at="2023-01-15T10:37:35 CST" name="Default test" finished-at="2023-01-15T10:39:49 CST" duration-ms="133754">
      <class name="com.tests.Tests">
        <test-method is-config="true" signature="setUp()[pri:0, instance:com.tests.Tests@2f7298b]" started-at="2023-01-15T10:37:36 CST" name="setUp" finished-at="2023-01-15T10:37:47 CST" duration-ms="11857" status="PASS">
          <reporter-output>
          </reporter-output>
        </test-method> <!-- setUp -->
        <test-method signature="AcercaDeNosotros()[pri:0, instance:com.tests.Tests@2f7298b]" started-at="2023-01-15T10:37:47 CST" name="AcercaDeNosotros" finished-at="2023-01-15T10:37:53 CST" duration-ms="5156" status="PASS">
          <reporter-output>
          </reporter-output>
        </test-method> <!-- AcercaDeNosotros -->
        <test-method is-config="true" signature="closetProcess()[pri:0, instance:com.tests.Tests@2f7298b]" started-at="2023-01-15T10:37:53 CST" name="closetProcess" finished-at="2023-01-15T10:37:53 CST" duration-ms="0" status="PASS">
          <reporter-output>
          </reporter-output>
        </test-method> <!-- closetProcess -->
        <test-method is-config="true" signature="setUp()[pri:0, instance:com.tests.Tests@2f7298b]" started-at="2023-01-15T10:37:53 CST" name="setUp" finished-at="2023-01-15T10:38:02 CST" duration-ms="9103" status="PASS">
          <reporter-output>
          </reporter-output>
        </test-method> <!-- setUp -->
        <test-method signature="Carrito()[pri:0, instance:com.tests.Tests@2f7298b]" started-at="2023-01-15T10:38:02 CST" name="Carrito" finished-at="2023-01-15T10:38:15 CST" duration-ms="12930" status="PASS">
          <reporter-output>
          </reporter-output>
        </test-method> <!-- Carrito -->
        <test-method is-config="true" signature="closetProcess()[pri:0, instance:com.tests.Tests@2f7298b]" started-at="2023-01-15T10:38:15 CST" name="closetProcess" finished-at="2023-01-15T10:38:15 CST" duration-ms="4" status="PASS">
          <reporter-output>
          </reporter-output>
        </test-method> <!-- closetProcess -->
        <test-method is-config="true" signature="setUp()[pri:0, instance:com.tests.Tests@2f7298b]" started-at="2023-01-15T10:38:15 CST" name="setUp" finished-at="2023-01-15T10:38:23 CST" duration-ms="8821" status="PASS">
          <reporter-output>
          </reporter-output>
        </test-method> <!-- setUp -->
        <test-method signature="Registrarse()[pri:0, instance:com.tests.Tests@2f7298b]" started-at="2023-01-15T10:38:23 CST" name="Registrarse" finished-at="2023-01-15T10:38:32 CST" duration-ms="8468" status="PASS">
          <reporter-output>
          </reporter-output>
        </test-method> <!-- Registrarse -->
        <test-method is-config="true" signature="closetProcess()[pri:0, instance:com.tests.Tests@2f7298b]" started-at="2023-01-15T10:38:32 CST" name="closetProcess" finished-at="2023-01-15T10:38:32 CST" duration-ms="0" status="PASS">
          <reporter-output>
          </reporter-output>
        </test-method> <!-- closetProcess -->
        <test-method is-config="true" signature="setUp()[pri:0, instance:com.tests.Tests@2f7298b]" started-at="2023-01-15T10:38:32 CST" name="setUp" finished-at="2023-01-15T10:38:41 CST" duration-ms="9484" status="PASS">
          <reporter-output>
          </reporter-output>
        </test-method> <!-- setUp -->
        <test-method signature="enviarContacto()[pri:0, instance:com.tests.Tests@2f7298b]" started-at="2023-01-15T10:38:41 CST" name="enviarContacto" finished-at="2023-01-15T10:38:58 CST" duration-ms="16174" status="PASS">
          <reporter-output>
          </reporter-output>
        </test-method> <!-- enviarContacto -->
        <test-method is-config="true" signature="closetProcess()[pri:0, instance:com.tests.Tests@2f7298b]" started-at="2023-01-15T10:38:58 CST" name="closetProcess" finished-at="2023-01-15T10:38:58 CST" duration-ms="1" status="PASS">
          <reporter-output>
          </reporter-output>
        </test-method> <!-- closetProcess -->
        <test-method is-config="true" signature="setUp()[pri:0, instance:com.tests.Tests@2f7298b]" started-at="2023-01-15T10:38:58 CST" name="setUp" finished-at="2023-01-15T10:39:08 CST" duration-ms="10514" status="PASS">
          <reporter-output>
          </reporter-output>
        </test-method> <!-- setUp -->
        <test-method signature="ingresarUsuarioDemoBlaze()[pri:0, instance:com.tests.Tests@2f7298b]" started-at="2023-01-15T10:39:08 CST" name="ingresarUsuarioDemoBlaze" finished-at="2023-01-15T10:39:14 CST" duration-ms="5702" status="PASS">
          <reporter-output>
          </reporter-output>
        </test-method> <!-- ingresarUsuarioDemoBlaze -->
        <test-method is-config="true" signature="closetProcess()[pri:0, instance:com.tests.Tests@2f7298b]" started-at="2023-01-15T10:39:14 CST" name="closetProcess" finished-at="2023-01-15T10:39:14 CST" duration-ms="1" status="PASS">
          <reporter-output>
          </reporter-output>
        </test-method> <!-- closetProcess -->
        <test-method is-config="true" signature="setUp()[pri:0, instance:com.tests.Tests@2f7298b]" started-at="2023-01-15T10:39:14 CST" name="setUp" finished-at="2023-01-15T10:39:24 CST" duration-ms="9889" status="PASS">
          <reporter-output>
          </reporter-output>
        </test-method> <!-- setUp -->
        <test-method signature="noEnviarContacto()[pri:0, instance:com.tests.Tests@2f7298b]" started-at="2023-01-15T10:39:24 CST" name="noEnviarContacto" finished-at="2023-01-15T10:39:40 CST" duration-ms="16216" status="PASS">
          <reporter-output>
          </reporter-output>
        </test-method> <!-- noEnviarContacto -->
        <test-method is-config="true" signature="closetProcess()[pri:0, instance:com.tests.Tests@2f7298b]" started-at="2023-01-15T10:39:40 CST" name="closetProcess" finished-at="2023-01-15T10:39:40 CST" duration-ms="1" status="PASS">
          <reporter-output>
          </reporter-output>
        </test-method> <!-- closetProcess -->
        <test-method is-config="true" signature="setUp()[pri:0, instance:com.tests.Tests@2f7298b]" started-at="2023-01-15T10:39:40 CST" name="setUp" finished-at="2023-01-15T10:39:49 CST" duration-ms="9298" status="PASS">
          <reporter-output>
          </reporter-output>
        </test-method> <!-- setUp -->
        <test-method signature="searchXPath()[pri:0, instance:com.tests.Tests@2f7298b]" started-at="2023-01-15T10:39:49 CST" name="searchXPath" finished-at="2023-01-15T10:39:49 CST" duration-ms="30" status="PASS">
          <reporter-output>
          </reporter-output>
        </test-method> <!-- searchXPath -->
        <test-method is-config="true" signature="closetProcess()[pri:0, instance:com.tests.Tests@2f7298b]" started-at="2023-01-15T10:39:49 CST" name="closetProcess" finished-at="2023-01-15T10:39:49 CST" duration-ms="1" status="PASS">
          <reporter-output>
          </reporter-output>
        </test-method> <!-- closetProcess -->
      </class> <!-- com.tests.Tests -->
    </test> <!-- Default test -->
  </suite> <!-- Default suite -->
</testng-results>
